app/build/intermediates/manifest_merge_blame_file/debug/processDebugMainManifest/manifest-merger-blame-debug-report.txt
1<?xml version="1.0" encoding="utf-8"?>
2<manifest xmlns:android="http://schemas.android.com/apk/res/android"
3    package="com.bitchat.droid"
4    android:versionCode="38"
5    android:versionName="2.0.1" >
6
7    <uses-sdk
7-->INJECTED
8        android:minSdkVersion="26"
8-->INJECTED
9        android:targetSdkVersion="37" />
9-->INJECTED
10    <!-- Internet permissions for Nostr relay connections -->
11    <uses-permission android:name="android.permission.INTERNET" />
11-->src/main/AndroidManifest.xml:6:5-67
11-->src/main/AndroidManifest.xml:6:22-64
12    <uses-permission android:name="android.permission.ACCESS_NETWORK_STATE" />
12-->src/main/AndroidManifest.xml:7:5-79
12-->src/main/AndroidManifest.xml:7:22-76
13    <uses-permission android:name="android.permission.CHANGE_NETWORK_STATE" /> <!-- Bluetooth permissions -->
13-->src/main/AndroidManifest.xml:8:5-79
13-->src/main/AndroidManifest.xml:8:22-76
14    <uses-permission
14-->src/main/AndroidManifest.xml:11:5-95
15        android:name="android.permission.BLUETOOTH"
15-->src/main/AndroidManifest.xml:11:22-65
16        android:maxSdkVersion="30" />
16-->src/main/AndroidManifest.xml:11:66-92
17    <uses-permission
17-->src/main/AndroidManifest.xml:12:5-101
18        android:name="android.permission.BLUETOOTH_ADMIN"
18-->src/main/AndroidManifest.xml:12:22-71
19        android:maxSdkVersion="30" />
19-->src/main/AndroidManifest.xml:12:72-98
20    <uses-permission android:name="android.permission.BLUETOOTH_ADVERTISE" />
20-->src/main/AndroidManifest.xml:13:5-78
20-->src/main/AndroidManifest.xml:13:22-75
21    <uses-permission android:name="android.permission.BLUETOOTH_CONNECT" />
21-->src/main/AndroidManifest.xml:14:5-76
21-->src/main/AndroidManifest.xml:14:22-73
22    <uses-permission android:name="android.permission.BLUETOOTH_SCAN" /> <!-- Location permission required for BLE scanning -->
22-->src/main/AndroidManifest.xml:15:5-73
22-->src/main/AndroidManifest.xml:15:22-70
23    <uses-permission android:name="android.permission.ACCESS_COARSE_LOCATION" />
23-->src/main/AndroidManifest.xml:18:5-81
23-->src/main/AndroidManifest.xml:18:22-78
24    <uses-permission android:name="android.permission.ACCESS_FINE_LOCATION" />
24-->src/main/AndroidManifest.xml:19:5-79
24-->src/main/AndroidManifest.xml:19:22-76
25    <uses-permission android:name="android.permission.ACCESS_BACKGROUND_LOCATION" /> <!-- Notification permissions -->
25-->src/main/AndroidManifest.xml:20:5-85
25-->src/main/AndroidManifest.xml:20:22-82
26    <uses-permission android:name="android.permission.POST_NOTIFICATIONS" /> <!-- Wi‑Fi / Wi‑Fi Aware permissions (also used for hotspot APK sharing) -->
26-->src/main/AndroidManifest.xml:23:5-77
26-->src/main/AndroidManifest.xml:23:22-74
27    <uses-permission android:name="android.permission.ACCESS_WIFI_STATE" />
27-->src/main/AndroidManifest.xml:26:5-76
27-->src/main/AndroidManifest.xml:26:22-73
28    <uses-permission android:name="android.permission.CHANGE_WIFI_STATE" /> <!-- Android 13+ runtime permission for Wi‑Fi operations (including Aware and Wi‑Fi P2P) -->
28-->src/main/AndroidManifest.xml:27:5-76
28-->src/main/AndroidManifest.xml:27:22-73
29    <uses-permission
29-->src/main/AndroidManifest.xml:29:5-31:58
30        android:name="android.permission.NEARBY_WIFI_DEVICES"
30-->src/main/AndroidManifest.xml:30:9-62
31        android:usesPermissionFlags="neverForLocation" /> <!-- Android 17+ gates local network access; Wi‑Fi Aware peers over link-local IPv6 -->
31-->src/main/AndroidManifest.xml:31:9-55
32    <uses-permission android:name="android.permission.ACCESS_LOCAL_NETWORK" /> <!-- Keep hotspot alive while sharing the APK -->
32-->src/main/AndroidManifest.xml:33:5-79
32-->src/main/AndroidManifest.xml:33:22-76
33    <uses-permission android:name="android.permission.WAKE_LOCK" /> <!-- Signature permission for internal UI shutdown broadcasts -->
33-->src/main/AndroidManifest.xml:35:5-68
33-->src/main/AndroidManifest.xml:35:22-65
34    <uses-permission android:name="com.bitchat.android.permission.FORCE_FINISH" /> <!-- Foreground service and boot permissions for long-running background mesh -->
34-->src/main/AndroidManifest.xml:38:5-83
34-->src/main/AndroidManifest.xml:38:22-80
35    <uses-permission android:name="android.permission.FOREGROUND_SERVICE" /> <!-- Connected device foreground service type for BLE operations (API 34+) -->
35-->src/main/AndroidManifest.xml:40:5-77
35-->src/main/AndroidManifest.xml:40:22-74
36    <uses-permission android:name="android.permission.FOREGROUND_SERVICE_CONNECTED_DEVICE" /> <!-- Data sync foreground service type (required when declaring dataSync) -->
36-->src/main/AndroidManifest.xml:42:5-94
36-->src/main/AndroidManifest.xml:42:22-91
37    <uses-permission android:name="android.permission.FOREGROUND_SERVICE_DATA_SYNC" /> <!-- Location foreground service type required for BLE scanning in background -->
37-->src/main/AndroidManifest.xml:44:5-87
37-->src/main/AndroidManifest.xml:44:22-84
38    <uses-permission android:name="android.permission.FOREGROUND_SERVICE_LOCATION" />
38-->src/main/AndroidManifest.xml:46:5-86
38-->src/main/AndroidManifest.xml:46:22-83
39    <uses-permission android:name="android.permission.RECEIVE_BOOT_COMPLETED" /> <!-- Microphone for voice notes -->
39-->src/main/AndroidManifest.xml:47:5-81
39-->src/main/AndroidManifest.xml:47:22-78
40    <uses-permission android:name="android.permission.RECORD_AUDIO" /> <!-- Camera for QR verification -->
40-->src/main/AndroidManifest.xml:50:5-71
40-->src/main/AndroidManifest.xml:50:22-68
41    <uses-permission android:name="android.permission.CAMERA" /> <!-- Storage permissions for file sharing -->
41-->src/main/AndroidManifest.xml:52:5-65
41-->src/main/AndroidManifest.xml:52:22-62
42    <uses-permission
42-->src/main/AndroidManifest.xml:55:5-107
43        android:name="android.permission.READ_EXTERNAL_STORAGE"
43-->src/main/AndroidManifest.xml:55:22-77
44        android:maxSdkVersion="28" />
44-->src/main/AndroidManifest.xml:55:78-104
45    <uses-permission android:name="android.permission.READ_MEDIA_IMAGES" />
45-->src/main/AndroidManifest.xml:56:5-76
45-->src/main/AndroidManifest.xml:56:22-73
46    <uses-permission android:name="android.permission.READ_MEDIA_VIDEO" />
46-->src/main/AndroidManifest.xml:57:5-75
46-->src/main/AndroidManifest.xml:57:22-72
47    <uses-permission android:name="android.permission.READ_MEDIA_AUDIO" /> <!-- Haptic feedback permission -->
47-->src/main/AndroidManifest.xml:58:5-75
47-->src/main/AndroidManifest.xml:58:22-72
48    <uses-permission android:name="android.permission.VIBRATE" /> <!-- Battery optimization permission -->
48-->src/main/AndroidManifest.xml:61:5-66
48-->src/main/AndroidManifest.xml:61:22-63
49    <uses-permission android:name="android.permission.REQUEST_IGNORE_BATTERY_OPTIMIZATIONS" /> <!-- Hardware features -->
49-->src/main/AndroidManifest.xml:64:5-95
49-->src/main/AndroidManifest.xml:64:22-92
50    <uses-feature
50-->src/main/AndroidManifest.xml:67:5-90
51        android:name="android.hardware.bluetooth_le"
51-->src/main/AndroidManifest.xml:67:19-63
52        android:required="true" />
52-->src/main/AndroidManifest.xml:67:64-87
53    <uses-feature
53-->src/main/AndroidManifest.xml:68:5-87
54        android:name="android.hardware.bluetooth"
54-->src/main/AndroidManifest.xml:68:19-60
55        android:required="true" /> <!-- Device support hint for Wi‑Fi Aware (optional) -->
55-->src/main/AndroidManifest.xml:68:61-84
56    <uses-feature
56-->src/main/AndroidManifest.xml:70:5-89
57        android:name="android.hardware.wifi.aware"
57-->src/main/AndroidManifest.xml:70:19-61
58        android:required="false" />
58-->src/main/AndroidManifest.xml:70:62-86
59    <uses-feature
59-->src/main/AndroidManifest.xml:71:5-85
60        android:name="android.hardware.camera"
60-->src/main/AndroidManifest.xml:71:19-57
61        android:required="false" />
61-->src/main/AndroidManifest.xml:71:58-82
62
63    <permission
63-->src/main/AndroidManifest.xml:73:5-75:47
64        android:name="com.bitchat.android.permission.FORCE_FINISH"
64-->src/main/AndroidManifest.xml:74:9-67
65        android:protectionLevel="signature" />
65-->src/main/AndroidManifest.xml:75:9-44
66    <permission
66-->[androidx.core:core:1.19.0] AndroidManifest.xml:22:5-24:47
67        android:name="com.bitchat.droid.DYNAMIC_RECEIVER_NOT_EXPORTED_PERMISSION"
67-->[androidx.core:core:1.19.0] AndroidManifest.xml:23:9-81
68        android:protectionLevel="signature" />
68-->[androidx.core:core:1.19.0] AndroidManifest.xml:24:9-44
69
70    <uses-permission android:name="com.bitchat.droid.DYNAMIC_RECEIVER_NOT_EXPORTED_PERMISSION" />
70-->[androidx.core:core:1.19.0] AndroidManifest.xml:26:5-97
70-->[androidx.core:core:1.19.0] AndroidManifest.xml:26:22-94
71
72    <application
72-->src/main/AndroidManifest.xml:77:5-170:19
73        android:name="com.bitchat.android.BitchatApplication"
73-->src/main/AndroidManifest.xml:78:9-43
74        android:allowBackup="false"
74-->src/main/AndroidManifest.xml:79:9-36
75        android:appComponentFactory="androidx.core.app.CoreComponentFactory"
75-->[androidx.core:core:1.19.0] AndroidManifest.xml:28:18-86
76        android:dataExtractionRules="@xml/data_extraction_rules"
76-->src/main/AndroidManifest.xml:80:9-65
77        android:debuggable="true"
78        android:extractNativeLibs="false"
78-->INJECTED
79        android:fullBackupContent="@xml/backup_rules"
79-->src/main/AndroidManifest.xml:81:9-54
80        android:icon="@mipmap/ic_launcher"
80-->src/main/AndroidManifest.xml:82:9-43
81        android:label="@string/app_name"
81-->src/main/AndroidManifest.xml:85:9-41
82        android:localeConfig="@xml/locales_config"
82-->src/main/AndroidManifest.xml:83:9-51
83        android:roundIcon="@mipmap/ic_launcher"
83-->src/main/AndroidManifest.xml:84:9-48
84        android:supportsRtl="true"
84-->src/main/AndroidManifest.xml:86:9-35
85        android:testOnly="true"
86        android:theme="@style/Theme.BitchatAndroid" >
86-->src/main/AndroidManifest.xml:87:9-52
87
88        <!--
89             Debug-only ADB test hook. Drives mesh operations (scan, connect,
90             handshake, DMs, files, broadcast, raw packets) from host scripts.
91             Exported intentionally so `adb shell am broadcast` can reach it;
92             never shipped in release builds.
93        -->
94        <receiver
94-->src/debug/AndroidManifest.xml:10:9-17:20
95            android:name="com.bitchat.android.testhook.TestHookReceiver"
95-->src/debug/AndroidManifest.xml:11:13-73
96            android:exported="true" >
96-->src/debug/AndroidManifest.xml:12:13-36
97            <intent-filter>
97-->src/debug/AndroidManifest.xml:14:13-16:29
98                <action android:name="com.bitchat.droid.TEST_HOOK" />
98-->src/debug/AndroidManifest.xml:15:17-70
98-->src/debug/AndroidManifest.xml:15:25-67
99            </intent-filter>
100        </receiver>
101
102        <service
102-->src/main/AndroidManifest.xml:89:9-96:19
103            android:name="androidx.appcompat.app.AppLocalesMetadataHolderService"
103-->src/main/AndroidManifest.xml:90:13-82
104            android:enabled="false"
104-->src/main/AndroidManifest.xml:91:13-36
105            android:exported="false" >
105-->src/main/AndroidManifest.xml:92:13-37
106            <meta-data
106-->src/main/AndroidManifest.xml:93:13-95:40
107                android:name="autoStoreLocales"
107-->src/main/AndroidManifest.xml:94:17-48
108                android:value="true" />
108-->src/main/AndroidManifest.xml:95:17-37
109        </service> <!-- FileProvider for sharing temp/cache files with external viewers -->
110        <provider
110-->INJECTED
111            android:name="androidx.core.content.FileProvider"
112            android:authorities="com.bitchat.droid.fileprovider"
112-->INJECTED
113            android:exported="false"
114            android:grantUriPermissions="true" >
115            <meta-data
116                android:name="android.support.FILE_PROVIDER_PATHS"
117                android:resource="@xml/file_paths" />
118        </provider>
119
120        <activity
120-->src/main/AndroidManifest.xml:108:9-112:58
121            android:name="com.bitchat.android.ui.GeohashPickerActivity"
121-->src/main/AndroidManifest.xml:109:13-53
122            android:exported="false"
122-->src/main/AndroidManifest.xml:110:13-37
123            android:theme="@style/Theme.BitchatAndroid"
123-->src/main/AndroidManifest.xml:111:13-56
124            android:windowSoftInputMode="adjustResize" />
124-->src/main/AndroidManifest.xml:112:13-55
125        <activity
125-->src/main/AndroidManifest.xml:113:9-130:20
126            android:name="com.bitchat.android.MainActivity"
126-->src/main/AndroidManifest.xml:114:13-41
127            android:exported="true"
127-->src/main/AndroidManifest.xml:115:13-36
128            android:label="@string/app_name"
128-->src/main/AndroidManifest.xml:116:13-45
129            android:launchMode="singleTop"
129-->src/main/AndroidManifest.xml:119:13-43
130            android:theme="@style/Theme.BitchatSplash"
130-->src/main/AndroidManifest.xml:117:13-55
131            android:windowSoftInputMode="adjustResize" >
131-->src/main/AndroidManifest.xml:118:13-55
132            <intent-filter>
132-->src/main/AndroidManifest.xml:120:13-123:29
133                <action android:name="android.intent.action.MAIN" />
133-->src/main/AndroidManifest.xml:121:17-69
133-->src/main/AndroidManifest.xml:121:25-66
134
135                <category android:name="android.intent.category.LAUNCHER" />
135-->src/main/AndroidManifest.xml:122:17-77
135-->src/main/AndroidManifest.xml:122:27-74
136            </intent-filter>
137            <intent-filter>
137-->src/main/AndroidManifest.xml:124:13-129:29
138                <action android:name="android.intent.action.VIEW" />
138-->src/main/AndroidManifest.xml:125:17-69
138-->src/main/AndroidManifest.xml:125:25-66
139
140                <category android:name="android.intent.category.DEFAULT" />
140-->src/main/AndroidManifest.xml:126:17-76
140-->src/main/AndroidManifest.xml:126:27-73
141                <category android:name="android.intent.category.BROWSABLE" />
141-->src/main/AndroidManifest.xml:127:17-78
141-->src/main/AndroidManifest.xml:127:27-75
142
143                <data
143-->src/main/AndroidManifest.xml:128:17-72
144                    android:host="verify"
144-->src/main/AndroidManifest.xml:128:48-69
145                    android:scheme="bitchat" />
145-->src/main/AndroidManifest.xml:128:23-47
146            </intent-filter>
147        </activity> <!-- Persistent foreground service to run the mesh in background -->
148        <service
148-->src/main/AndroidManifest.xml:133:9-138:19
149            android:name="com.bitchat.android.service.MeshForegroundService"
149-->src/main/AndroidManifest.xml:134:13-58
150            android:exported="false"
150-->src/main/AndroidManifest.xml:135:13-37
151            android:foregroundServiceType="connectedDevice|dataSync|location" >
151-->src/main/AndroidManifest.xml:136:13-78
152        </service>
153
154        <receiver
154-->src/main/AndroidManifest.xml:140:9-143:40
155            android:name="com.bitchat.android.service.ConversationNotificationReceiver"
155-->src/main/AndroidManifest.xml:141:13-69
156            android:enabled="true"
156-->src/main/AndroidManifest.xml:142:13-35
157            android:exported="false" /> <!-- Auto-start mesh service after boot if enabled -->
157-->src/main/AndroidManifest.xml:143:13-37
158        <receiver
158-->src/main/AndroidManifest.xml:146:9-154:20
159            android:name="com.bitchat.android.service.BootCompletedReceiver"
159-->src/main/AndroidManifest.xml:147:13-58
160            android:enabled="true"
160-->src/main/AndroidManifest.xml:148:13-35
161            android:exported="false" >
161-->src/main/AndroidManifest.xml:149:13-37
162            <intent-filter>
162-->src/main/AndroidManifest.xml:150:13-153:29
163                <action android:name="android.intent.action.BOOT_COMPLETED" />
163-->src/main/AndroidManifest.xml:151:17-79
163-->src/main/AndroidManifest.xml:151:25-76
164                <action android:name="android.intent.action.LOCKED_BOOT_COMPLETED" />
164-->src/main/AndroidManifest.xml:152:17-86
164-->src/main/AndroidManifest.xml:152:25-83
165            </intent-filter>
166        </receiver> <!-- Hotspot Activity for offline APK sharing -->
167        <activity
167-->src/main/AndroidManifest.xml:157:9-162:46
168            android:name="com.bitchat.android.hotspot.HotspotActivity"
168-->src/main/AndroidManifest.xml:158:13-52
169            android:exported="false"
169-->src/main/AndroidManifest.xml:159:13-37
170            android:label="Share Meshora"
170-->src/main/AndroidManifest.xml:160:13-42
171            android:launchMode="singleTop"
171-->src/main/AndroidManifest.xml:162:13-43
172            android:theme="@style/Theme.BitchatAndroid" />
172-->src/main/AndroidManifest.xml:161:13-56
173        <!--
174 Declare the foreground service type for WorkManager's foreground
175             service so the APK download worker can run as dataSync work
176        -->
177        <service
177-->src/main/AndroidManifest.xml:166:9-169:34
178            android:name="androidx.work.impl.foreground.SystemForegroundService"
178-->src/main/AndroidManifest.xml:167:13-81
179            android:directBootAware="false"
179-->[androidx.work:work-runtime:2.10.1] AndroidManifest.xml:55:13-44
180            android:enabled="@bool/enable_system_foreground_service_default"
180-->[androidx.work:work-runtime:2.10.1] AndroidManifest.xml:56:13-77
181            android:exported="false"
181-->[androidx.work:work-runtime:2.10.1] AndroidManifest.xml:57:13-37
182            android:foregroundServiceType="dataSync" />
182-->src/main/AndroidManifest.xml:168:13-53
183        <service
183-->[com.google.android.gms:play-services-mlkit-barcode-scanning:18.3.1] AndroidManifest.xml:9:9-15:19
184            android:name="com.google.mlkit.common.internal.MlKitComponentDiscoveryService"
184-->[com.google.android.gms:play-services-mlkit-barcode-scanning:18.3.1] AndroidManifest.xml:10:13-91
185            android:directBootAware="true"
185-->[com.google.mlkit:common:18.11.0] AndroidManifest.xml:17:13-43
186            android:exported="false" >
186-->[com.google.android.gms:play-services-mlkit-barcode-scanning:18.3.1] AndroidManifest.xml:11:13-37
187            <meta-data
187-->[com.google.android.gms:play-services-mlkit-barcode-scanning:18.3.1] AndroidManifest.xml:12:13-14:85
188                android:name="com.google.firebase.components:com.google.mlkit.vision.barcode.internal.BarcodeRegistrar"
188-->[com.google.android.gms:play-services-mlkit-barcode-scanning:18.3.1] AndroidManifest.xml:13:17-120
189                android:value="com.google.firebase.components.ComponentRegistrar" />
189-->[com.google.android.gms:play-services-mlkit-barcode-scanning:18.3.1] AndroidManifest.xml:14:17-82
190            <meta-data
190-->[com.google.mlkit:vision-common:17.3.0] AndroidManifest.xml:12:13-14:85
191                android:name="com.google.firebase.components:com.google.mlkit.vision.common.internal.VisionCommonRegistrar"
191-->[com.google.mlkit:vision-common:17.3.0] AndroidManifest.xml:13:17-124
192                android:value="com.google.firebase.components.ComponentRegistrar" />
192-->[com.google.mlkit:vision-common:17.3.0] AndroidManifest.xml:14:17-82
193            <meta-data
193-->[com.google.mlkit:common:18.11.0] AndroidManifest.xml:20:13-22:85
194                android:name="com.google.firebase.components:com.google.mlkit.common.internal.CommonComponentRegistrar"
194-->[com.google.mlkit:common:18.11.0] AndroidManifest.xml:21:17-120
195                android:value="com.google.firebase.components.ComponentRegistrar" />
195-->[com.google.mlkit:common:18.11.0] AndroidManifest.xml:22:17-82
196        </service>
197
198        <provider
198-->[com.google.mlkit:common:18.11.0] AndroidManifest.xml:9:9-13:38
199            android:name="com.google.mlkit.common.internal.MlKitInitProvider"
199-->[com.google.mlkit:common:18.11.0] AndroidManifest.xml:10:13-78
200            android:authorities="com.bitchat.droid.mlkitinitprovider"
200-->[com.google.mlkit:common:18.11.0] AndroidManifest.xml:11:13-69
201            android:exported="false"
201-->[com.google.mlkit:common:18.11.0] AndroidManifest.xml:12:13-37
202            android:initOrder="99" />
202-->[com.google.mlkit:common:18.11.0] AndroidManifest.xml:13:13-35
203
204        <activity
204-->[com.google.android.gms:play-services-base:18.9.0] AndroidManifest.xml:20:9-22:45
205            android:name="com.google.android.gms.common.api.GoogleApiActivity"
205-->[com.google.android.gms:play-services-base:18.9.0] AndroidManifest.xml:20:19-85
206            android:exported="false"
206-->[com.google.android.gms:play-services-base:18.9.0] AndroidManifest.xml:22:19-43
207            android:theme="@android:style/Theme.Translucent.NoTitleBar" />
207-->[com.google.android.gms:play-services-base:18.9.0] AndroidManifest.xml:21:19-78
208
209        <meta-data
209-->[com.google.android.gms:play-services-basement:18.9.0] AndroidManifest.xml:21:9-23:69
210            android:name="com.google.android.gms.version"
210-->[com.google.android.gms:play-services-basement:18.9.0] AndroidManifest.xml:22:13-58
211            android:value="@integer/google_play_services_version" />
211-->[com.google.android.gms:play-services-basement:18.9.0] AndroidManifest.xml:23:13-66
212        <!--
213        Service for holding metadata. Cannot be instantiated.
214        Metadata will be merged from other manifests.
215        -->
216        <service
216-->[androidx.camera:camera-core:1.6.1] AndroidManifest.xml:29:9-33:78
217            android:name="androidx.camera.core.impl.MetadataHolderService"
217-->[androidx.camera:camera-core:1.6.1] AndroidManifest.xml:30:13-75
218            android:enabled="false"
218-->[androidx.camera:camera-core:1.6.1] AndroidManifest.xml:31:13-36
219            android:exported="false" >
219-->[androidx.camera:camera-core:1.6.1] AndroidManifest.xml:32:13-37
220            <meta-data
220-->[androidx.camera:camera-camera2:1.6.1] AndroidManifest.xml:30:13-32:89
221                android:name="androidx.camera.core.impl.MetadataHolderService.DEFAULT_CONFIG_PROVIDER"
221-->[androidx.camera:camera-camera2:1.6.1] AndroidManifest.xml:31:17-103
222                android:value="androidx.camera.camera2.Camera2Config$DefaultProvider" />
222-->[androidx.camera:camera-camera2:1.6.1] AndroidManifest.xml:32:17-86
223        </service>
224
225        <provider
225-->[androidx.work:work-runtime:2.10.1] AndroidManifest.xml:29:9-37:20
226            android:name="androidx.startup.InitializationProvider"
226-->[androidx.work:work-runtime:2.10.1] AndroidManifest.xml:30:13-67
227            android:authorities="com.bitchat.droid.androidx-startup"
227-->[androidx.work:work-runtime:2.10.1] AndroidManifest.xml:31:13-68
228            android:exported="false" >
228-->[androidx.work:work-runtime:2.10.1] AndroidManifest.xml:32:13-37
229            <meta-data
229-->[androidx.work:work-runtime:2.10.1] AndroidManifest.xml:34:13-36:52
230                android:name="androidx.work.WorkManagerInitializer"
230-->[androidx.work:work-runtime:2.10.1] AndroidManifest.xml:35:17-68
231                android:value="androidx.startup" />
231-->[androidx.work:work-runtime:2.10.1] AndroidManifest.xml:36:17-49
232            <meta-data
232-->[androidx.emoji2:emoji2:1.4.0] AndroidManifest.xml:29:13-31:52
233                android:name="androidx.emoji2.text.EmojiCompatInitializer"
233-->[androidx.emoji2:emoji2:1.4.0] AndroidManifest.xml:30:17-75
234                android:value="androidx.startup" />
234-->[androidx.emoji2:emoji2:1.4.0] AndroidManifest.xml:31:17-49
235            <meta-data
235-->[androidx.lifecycle:lifecycle-process:2.11.0] AndroidManifest.xml:29:13-31:52
236                android:name="androidx.lifecycle.ProcessLifecycleInitializer"
236-->[androidx.lifecycle:lifecycle-process:2.11.0] AndroidManifest.xml:30:17-78
237                android:value="androidx.startup" />
237-->[androidx.lifecycle:lifecycle-process:2.11.0] AndroidManifest.xml:31:17-49
238            <meta-data
238-->[com.squareup.okhttp3:okhttp-android:5.4.0] AndroidManifest.xml:16:13-18:52
239                android:name="okhttp3.internal.platform.PlatformInitializer"
239-->[com.squareup.okhttp3:okhttp-android:5.4.0] AndroidManifest.xml:17:17-77
240                android:value="androidx.startup" />
240-->[com.squareup.okhttp3:okhttp-android:5.4.0] AndroidManifest.xml:18:17-49
241            <meta-data
241-->[androidx.profileinstaller:profileinstaller:1.4.0] AndroidManifest.xml:29:13-31:52
242                android:name="androidx.profileinstaller.ProfileInstallerInitializer"
242-->[androidx.profileinstaller:profileinstaller:1.4.0] AndroidManifest.xml:30:17-85
243                android:value="androidx.startup" />
243-->[androidx.profileinstaller:profileinstaller:1.4.0] AndroidManifest.xml:31:17-49
244        </provider>
245
246        <service
246-->[androidx.work:work-runtime:2.10.1] AndroidManifest.xml:39:9-45:35
247            android:name="androidx.work.impl.background.systemalarm.SystemAlarmService"
247-->[androidx.work:work-runtime:2.10.1] AndroidManifest.xml:40:13-88
248            android:directBootAware="false"
248-->[androidx.work:work-runtime:2.10.1] AndroidManifest.xml:41:13-44
249            android:enabled="@bool/enable_system_alarm_service_default"
249-->[androidx.work:work-runtime:2.10.1] AndroidManifest.xml:42:13-72
250            android:exported="false" />
250-->[androidx.work:work-runtime:2.10.1] AndroidManifest.xml:43:13-37
251        <service
251-->[androidx.work:work-runtime:2.10.1] AndroidManifest.xml:46:9-52:35
252            android:name="androidx.work.impl.background.systemjob.SystemJobService"
252-->[androidx.work:work-runtime:2.10.1] AndroidManifest.xml:47:13-84
253            android:directBootAware="false"
253-->[androidx.work:work-runtime:2.10.1] AndroidManifest.xml:48:13-44
254            android:enabled="@bool/enable_system_job_service_default"
254-->[androidx.work:work-runtime:2.10.1] AndroidManifest.xml:49:13-70
255            android:exported="true"
255-->[androidx.work:work-runtime:2.10.1] AndroidManifest.xml:50:13-36
256            android:permission="android.permission.BIND_JOB_SERVICE" />
256-->[androidx.work:work-runtime:2.10.1] AndroidManifest.xml:51:13-69
257
258        <receiver
258-->[androidx.work:work-runtime:2.10.1] AndroidManifest.xml:61:9-66:35
259            android:name="androidx.work.impl.utils.ForceStopRunnable$BroadcastReceiver"
259-->[androidx.work:work-runtime:2.10.1] AndroidManifest.xml:62:13-88
260            android:directBootAware="false"
260-->[androidx.work:work-runtime:2.10.1] AndroidManifest.xml:63:13-44
261            android:enabled="true"
261-->[androidx.work:work-runtime:2.10.1] AndroidManifest.xml:64:13-35
262            android:exported="false" />
262-->[androidx.work:work-runtime:2.10.1] AndroidManifest.xml:65:13-37
263        <receiver
263-->[androidx.work:work-runtime:2.10.1] AndroidManifest.xml:67:9-77:20
264            android:name="androidx.work.impl.background.systemalarm.ConstraintProxy$BatteryChargingProxy"
264-->[androidx.work:work-runtime:2.10.1] AndroidManifest.xml:68:13-106
265            android:directBootAware="false"
265-->[androidx.work:work-runtime:2.10.1] AndroidManifest.xml:69:13-44
266            android:enabled="false"
266-->[androidx.work:work-runtime:2.10.1] AndroidManifest.xml:70:13-36
267            android:exported="false" >
267-->[androidx.work:work-runtime:2.10.1] AndroidManifest.xml:71:13-37
268            <intent-filter>
268-->[androidx.work:work-runtime:2.10.1] AndroidManifest.xml:73:13-76:29
269                <action android:name="android.intent.action.ACTION_POWER_CONNECTED" />
269-->[androidx.work:work-runtime:2.10.1] AndroidManifest.xml:74:17-87
269-->[androidx.work:work-runtime:2.10.1] AndroidManifest.xml:74:25-84
270                <action android:name="android.intent.action.ACTION_POWER_DISCONNECTED" />
270-->[androidx.work:work-runtime:2.10.1] AndroidManifest.xml:75:17-90
270-->[androidx.work:work-runtime:2.10.1] AndroidManifest.xml:75:25-87
271            </intent-filter>
272        </receiver>
273        <receiver
273-->[androidx.work:work-runtime:2.10.1] AndroidManifest.xml:78:9-88:20
274            android:name="androidx.work.impl.background.systemalarm.ConstraintProxy$BatteryNotLowProxy"
274-->[androidx.work:work-runtime:2.10.1] AndroidManifest.xml:79:13-104
275            android:directBootAware="false"
275-->[androidx.work:work-runtime:2.10.1] AndroidManifest.xml:80:13-44
276            android:enabled="false"
276-->[androidx.work:work-runtime:2.10.1] AndroidManifest.xml:81:13-36
277            android:exported="false" >
277-->[androidx.work:work-runtime:2.10.1] AndroidManifest.xml:82:13-37
278            <intent-filter>
278-->[androidx.work:work-runtime:2.10.1] AndroidManifest.xml:84:13-87:29
279                <action android:name="android.intent.action.BATTERY_OKAY" />
279-->[androidx.work:work-runtime:2.10.1] AndroidManifest.xml:85:17-77
279-->[androidx.work:work-runtime:2.10.1] AndroidManifest.xml:85:25-74
280                <action android:name="android.intent.action.BATTERY_LOW" />
280-->[androidx.work:work-runtime:2.10.1] AndroidManifest.xml:86:17-76
280-->[androidx.work:work-runtime:2.10.1] AndroidManifest.xml:86:25-73
281            </intent-filter>
282        </receiver>
283        <receiver
283-->[androidx.work:work-runtime:2.10.1] AndroidManifest.xml:89:9-99:20
284            android:name="androidx.work.impl.background.systemalarm.ConstraintProxy$StorageNotLowProxy"
284-->[androidx.work:work-runtime:2.10.1] AndroidManifest.xml:90:13-104
285            android:directBootAware="false"
285-->[androidx.work:work-runtime:2.10.1] AndroidManifest.xml:91:13-44
286            android:enabled="false"